
------------------------
Math basic run

-----------------

_________________________________________________________________
Layer (type)                 Output Shape              Param #   
=================================================================
dense_1 (Dense)              (None, 1)                 13        
=================================================================
Total params: 13
Trainable params: 13
Non-trainable params: 0
_________________________________________________________________
None

 32/799 [>.............................] - ETA: 0s
799/799 [==============================] - 0s 54us/step
['loss', 'mean_absolute_error', 'mean_squared_error']
[2454.7351667000744, 46.15306558716431, 2454.7351667000744]

mean_absolute_error: 46.15

 32/200 [===>..........................] - ETA: 0s
200/200 [==============================] - 0s 21us/step

mean_absolute_error: 45.03

Math multi layered run

-----------------

_________________________________________________________________
Layer (type)                 Output Shape              Param #   
=================================================================
dense_2 (Dense)              (None, 50)                650       
_________________________________________________________________
dense_3 (Dense)              (None, 35)                1785      
_________________________________________________________________
dense_4 (Dense)              (None, 20)                720       
_________________________________________________________________
dense_5 (Dense)              (None, 10)                210       
_________________________________________________________________
dense_6 (Dense)              (None, 5)                 55        
_________________________________________________________________
dense_7 (Dense)              (None, 1)                 6         
=================================================================
Total params: 3,426
Trainable params: 3,426
Non-trainable params: 0
_________________________________________________________________
None

 32/799 [>.............................] - ETA: 1s
799/799 [==============================] - 0s 116us/step
['loss', 'mean_absolute_error', 'mean_squared_error']
[172.93735424896354, 10.57067890668542, 172.93735424896354]

mean_absolute_error: 10.57

 32/200 [===>..........................] - ETA: 0s
200/200 [==============================] - 0s 24us/step

mean_absolute_error: 10.90

Math Score Derived Model Run
Mean Absolute Error: 11.124343
Mean Squared Error: 188.378658

------------------------
Reading basic run

-----------------

_________________________________________________________________
Layer (type)                 Output Shape              Param #   
=================================================================
dense_8 (Dense)              (None, 1)                 13        
=================================================================
Total params: 13
Trainable params: 13
Non-trainable params: 0
_________________________________________________________________
None

 32/799 [>.............................] - ETA: 1s
799/799 [==============================] - 0s 137us/step
['loss', 'mean_absolute_error', 'mean_squared_error']
[2751.8230674084793, 49.224232870586526, 2751.8230674084793]

mean_absolute_error: 49.22

 32/200 [===>..........................] - ETA: 0s
200/200 [==============================] - 0s 30us/step

mean_absolute_error: 48.81

Reading multi layered run

-----------------

_________________________________________________________________
Layer (type)                 Output Shape              Param #   
=================================================================
dense_9 (Dense)              (None, 50)                650       
_________________________________________________________________
dense_10 (Dense)             (None, 35)                1785      
_________________________________________________________________
dense_11 (Dense)             (None, 20)                720       
_________________________________________________________________
dense_12 (Dense)             (None, 10)                210       
_________________________________________________________________
dense_13 (Dense)             (None, 5)                 55        
_________________________________________________________________
dense_14 (Dense)             (None, 1)                 6         
=================================================================
Total params: 3,426
Trainable params: 3,426
Non-trainable params: 0
_________________________________________________________________
None

 32/799 [>.............................] - ETA: 2s
799/799 [==============================] - 0s 166us/step
['loss', 'mean_absolute_error', 'mean_squared_error']
[166.49471988606362, 10.322555137366914, 166.49471988606362]

mean_absolute_error: 10.32

 32/200 [===>..........................] - ETA: 0s
200/200 [==============================] - 0s 27us/step

mean_absolute_error: 10.70

Reading Score Derived Model Run
Mean Absolute Error: 11.068861
Mean Squared Error: 193.462419

------------------------
Writing basic run

-----------------

_________________________________________________________________
Layer (type)                 Output Shape              Param #   
=================================================================
dense_15 (Dense)             (None, 1)                 13        
=================================================================
Total params: 13
Trainable params: 13
Non-trainable params: 0
_________________________________________________________________
None

 32/799 [>.............................] - ETA: 2s
799/799 [==============================] - 0s 169us/step
['loss', 'mean_absolute_error', 'mean_squared_error']
[2654.6644141969455, 48.068854684077756, 2654.6644141969455]

mean_absolute_error: 48.07

 32/200 [===>..........................] - ETA: 0s
200/200 [==============================] - 0s 20us/step

mean_absolute_error: 47.41

Writing multi layered run

-----------------

_________________________________________________________________
Layer (type)                 Output Shape              Param #   
=================================================================
dense_16 (Dense)             (None, 50)                650       
_________________________________________________________________
dense_17 (Dense)             (None, 35)                1785      
_________________________________________________________________
dense_18 (Dense)             (None, 20)                720       
_________________________________________________________________
dense_19 (Dense)             (None, 10)                210       
_________________________________________________________________
dense_20 (Dense)             (None, 5)                 55        
_________________________________________________________________
dense_21 (Dense)             (None, 1)                 6         
=================================================================
Total params: 3,426
Trainable params: 3,426
Non-trainable params: 0
_________________________________________________________________
None

 32/799 [>.............................] - ETA: 4s
799/799 [==============================] - 0s 245us/step
['loss', 'mean_absolute_error', 'mean_squared_error']
[155.5628021393013, 10.010437430667041, 155.5628021393013]

mean_absolute_error: 10.01

 32/200 [===>..........................] - ETA: 0s
200/200 [==============================] - 0s 32us/step

mean_absolute_error: 10.03

Writing Score Derived Model Run
Mean Absolute Error: 10.519002
Mean Squared Error: 179.226962
