
------------------------
Math basic run

-----------------

_________________________________________________________________
Layer (type)                 Output Shape              Param #   
=================================================================
dense_1 (Dense)              (None, 1)                 13        
=================================================================
Total params: 13
Trainable params: 13
Non-trainable params: 0
_________________________________________________________________
None

 32/799 [>.............................] - ETA: 0s
799/799 [==============================] - 0s 51us/step
['loss', 'mean_absolute_error', 'mean_squared_error']
[4474.851195830726, 65.10765111013706, 4474.851195830726]

mean_absolute_error: 65.11

 32/200 [===>..........................] - ETA: 0s
200/200 [==============================] - 0s 20us/step

mean_absolute_error: 65.12

Math multi layered run

-----------------

_________________________________________________________________
Layer (type)                 Output Shape              Param #   
=================================================================
dense_2 (Dense)              (None, 50)                650       
_________________________________________________________________
dense_3 (Dense)              (None, 35)                1785      
_________________________________________________________________
dense_4 (Dense)              (None, 20)                720       
_________________________________________________________________
dense_5 (Dense)              (None, 10)                210       
_________________________________________________________________
dense_6 (Dense)              (None, 5)                 55        
_________________________________________________________________
dense_7 (Dense)              (None, 1)                 6         
=================================================================
Total params: 3,426
Trainable params: 3,426
Non-trainable params: 0
_________________________________________________________________
None

 32/799 [>.............................] - ETA: 1s
799/799 [==============================] - 0s 110us/step
['loss', 'mean_absolute_error', 'mean_squared_error']
[4474.688364117256, 65.10638288323662, 4474.688364117256]

mean_absolute_error: 65.11

 32/200 [===>..........................] - ETA: 0s
200/200 [==============================] - 0s 28us/step

mean_absolute_error: 65.11

Math Score Derived Model Run
Mean Absolute Error: 10.402388
Mean Squared Error: 168.856447

------------------------
Reading basic run

-----------------

_________________________________________________________________
Layer (type)                 Output Shape              Param #   
=================================================================
dense_8 (Dense)              (None, 1)                 13        
=================================================================
Total params: 13
Trainable params: 13
Non-trainable params: 0
_________________________________________________________________
None

 32/799 [>.............................] - ETA: 1s
799/799 [==============================] - 0s 109us/step
['loss', 'mean_absolute_error', 'mean_squared_error']
[4886.453815560466, 68.29406731597174, 4886.453815560466]

mean_absolute_error: 68.29

 32/200 [===>..........................] - ETA: 0s
200/200 [==============================] - 0s 24us/step

mean_absolute_error: 67.70

Reading multi layered run

-----------------

_________________________________________________________________
Layer (type)                 Output Shape              Param #   
=================================================================
dense_9 (Dense)              (None, 50)                650       
_________________________________________________________________
dense_10 (Dense)             (None, 35)                1785      
_________________________________________________________________
dense_11 (Dense)             (None, 20)                720       
_________________________________________________________________
dense_12 (Dense)             (None, 10)                210       
_________________________________________________________________
dense_13 (Dense)             (None, 5)                 55        
_________________________________________________________________
dense_14 (Dense)             (None, 1)                 6         
=================================================================
Total params: 3,426
Trainable params: 3,426
Non-trainable params: 0
_________________________________________________________________
None

 32/799 [>.............................] - ETA: 2s
799/799 [==============================] - 0s 171us/step
['loss', 'mean_absolute_error', 'mean_squared_error']
[4898.336667782971, 68.38673352180643, 4898.336667782971]

mean_absolute_error: 68.39

 32/200 [===>..........................] - ETA: 0s
200/200 [==============================] - 0s 27us/step

mean_absolute_error: 67.76

Reading Score Derived Model Run
Mean Absolute Error: 9.820413
Mean Squared Error: 158.384716

------------------------
Writing basic run

-----------------

_________________________________________________________________
Layer (type)                 Output Shape              Param #   
=================================================================
dense_15 (Dense)             (None, 1)                 13        
=================================================================
Total params: 13
Trainable params: 13
Non-trainable params: 0
_________________________________________________________________
None

 32/799 [>.............................] - ETA: 2s
799/799 [==============================] - 0s 174us/step
['loss', 'mean_absolute_error', 'mean_squared_error']
[4750.1062534222465, 67.18277641172254, 4750.1062534222465]

mean_absolute_error: 67.18

 32/200 [===>..........................] - ETA: 0s
200/200 [==============================] - 0s 23us/step

mean_absolute_error: 66.61

Writing multi layered run

-----------------

_________________________________________________________________
Layer (type)                 Output Shape              Param #   
=================================================================
dense_16 (Dense)             (None, 50)                650       
_________________________________________________________________
dense_17 (Dense)             (None, 35)                1785      
_________________________________________________________________
dense_18 (Dense)             (None, 20)                720       
_________________________________________________________________
dense_19 (Dense)             (None, 10)                210       
_________________________________________________________________
dense_20 (Dense)             (None, 5)                 55        
_________________________________________________________________
dense_21 (Dense)             (None, 1)                 6         
=================================================================
Total params: 3,426
Trainable params: 3,426
Non-trainable params: 0
_________________________________________________________________
None

 32/799 [>.............................] - ETA: 4s
799/799 [==============================] - 0s 246us/step
['loss', 'mean_absolute_error', 'mean_squared_error']
[4761.638298483456, 67.27534418022528, 4761.638298483456]

mean_absolute_error: 67.28

 32/200 [===>..........................] - ETA: 0s
200/200 [==============================] - 0s 30us/step

mean_absolute_error: 66.67

Writing Score Derived Model Run
Mean Absolute Error: 10.045255
Mean Squared Error: 158.469594
