
------------------------
Math basic run

-----------------

_________________________________________________________________
Layer (type)                 Output Shape              Param #   
=================================================================
dense_1 (Dense)              (None, 1)                 6         
=================================================================
Total params: 6
Trainable params: 6
Non-trainable params: 0
_________________________________________________________________
None

 32/799 [>.............................] - ETA: 0s
799/799 [==============================] - 0s 53us/step
['loss', 'mean_absolute_error', 'mean_squared_error']
[183.6471219784924, 10.924331881077926, 183.6471219784924]

mean_absolute_error: 10.92

 32/200 [===>..........................] - ETA: 0s
200/200 [==============================] - 0s 21us/step

mean_absolute_error: 11.36
[array([[ 7.7748566],
       [ 4.087211 ],
       [ 2.8909693],
       [14.525878 ],
       [ 7.3228226]], dtype=float32), array([34.513798], dtype=float32)]

------------------------
Reading basic run

-----------------

_________________________________________________________________
Layer (type)                 Output Shape              Param #   
=================================================================
dense_2 (Dense)              (None, 1)                 6         
=================================================================
Total params: 6
Trainable params: 6
Non-trainable params: 0
_________________________________________________________________
None

 32/799 [>.............................] - ETA: 0s
799/799 [==============================] - 0s 67us/step
['loss', 'mean_absolute_error', 'mean_squared_error']
[188.35830785873088, 10.979714781530808, 188.35830785873088]

mean_absolute_error: 10.98

 32/200 [===>..........................] - ETA: 0s
200/200 [==============================] - 0s 36us/step

mean_absolute_error: 12.37
[array([[-3.0376484],
       [ 3.8570347],
       [ 3.7368257],
       [12.563914 ],
       [10.253032 ]], dtype=float32), array([41.149826], dtype=float32)]

------------------------
Writing basic run

-----------------

_________________________________________________________________
Layer (type)                 Output Shape              Param #   
=================================================================
dense_3 (Dense)              (None, 1)                 6         
=================================================================
Total params: 6
Trainable params: 6
Non-trainable params: 0
_________________________________________________________________
None

 32/799 [>.............................] - ETA: 3s
160/799 [=====>........................] - ETA: 0s
799/799 [==============================] - 0s 291us/step
['loss', 'mean_absolute_error', 'mean_squared_error']
[173.79816489285312, 10.574091739439696, 173.79816489285312]

mean_absolute_error: 10.57

 32/200 [===>..........................] - ETA: 0s
200/200 [==============================] - 0s 59us/step

mean_absolute_error: 11.65
[array([[-5.4185405],
       [ 3.8257022],
       [ 4.065463 ],
       [12.958875 ],
       [12.424449 ]], dtype=float32), array([39.72748], dtype=float32)]
